0 info it worked if it ends with ok
1 verbose cli [ 'C:\\Program Files\\nodejs\\node.exe',
1 verbose cli   'C:\\Program Files\\nodejs\\node_modules\\npm\\bin\\npm-cli.js',
1 verbose cli   'start' ]
2 info using npm@3.9.3
3 info using node@v6.2.1
4 verbose run-script [ 'prestart', 'start', 'poststart' ]
5 info lifecycle pbas@0.0.0~prestart: pbas@0.0.0
6 silly lifecycle pbas@0.0.0~prestart: no script for prestart, continuing
7 info lifecycle pbas@0.0.0~start: pbas@0.0.0
8 verbose lifecycle pbas@0.0.0~start: unsafe-perm in lifecycle true
9 verbose lifecycle pbas@0.0.0~start: PATH: C:\Program Files\nodejs\node_modules\npm\bin\node-gyp-bin;C:\Users\Harshit\Desktop\iips proj\express\pbas\node_modules\.bin;C:\Program Files\nodejs;C:\ProgramData\Oracle\Java\javapath;C:\WINDOWS\system32;C:\WINDOWS;C:\WINDOWS\System32\Wbem;C:\WINDOWS\System32\WindowsPowerShell\v1.0\;C:\Program Files (x86)\Microsoft SQL Server\100\Tools\Binn\;C:\Program Files\Microsoft SQL Server\100\Tools\Binn\;C:\Program Files\Microsoft SQL Server\100\DTS\Binn\;C:\Program Files (x86)\Git\cmd;C:\Program Files\nodejs\;C:\Program Files (x86)\Smart Projects\IsoBuster;C:\Program Files (x86)\MySQL\MySQL Server 5.1\bin;C:\Program Files (x86)\Heroku\bin;C:\Program Files\Microsoft\Web Platform Installer\;C:\Program Files (x86)\Microsoft SDKs\Azure\CLI\wbin;C:\Program Files (x86)\Windows Kits\8.1\Windows Performance Toolkit\;C:\Program Files\Microsoft SQL Server\110\Tools\Binn\;C:\Program Files (x86)\Brackets\command;C:\Users\Harshit\AppData\Roaming\npm\node_modules;C:\Users\Harshit\node_modules;C:\Users\Harshit\AppData\Roaming\npm\node_modules\express-generator;C:\Users\Harshit\AppData\Roaming\npm\node_modules\express-generator\bin;C:\Program Files\MongoDB\Server\3.2\bin;D:\openssl-1.0.2d-fips-2.0.10\openssl-1.0.2d-fips-2.0.10\bin;C:\openssl-1.0.2d-fips-2.0.10\openssl-1.0.2d-fips-2.0.10\bin;Z:\Software\Python27;H:\H\music\specially download songs;C:\Users\Harshit\node_modules\bower;C:\Users\Harshit\AppData\Roaming\npm;C:\Users\Harshit\Desktop\angular\testing\confusion\node_modules;C:\Program Files (x86)\Java\jdk1.8.0_74;C:\Users\Harshit\AppData\Local\atom\bin;C:\Users\Harshit\Desktop\nwjs-v0.15.4-win-x64\nwjs-v0.15.4-win-x64;%USERPROFILE%\AppData\Local\Microsoft\WindowsApps;
10 verbose lifecycle pbas@0.0.0~start: CWD: C:\Users\Harshit\Desktop\iips proj\express\pbas
11 silly lifecycle pbas@0.0.0~start: Args: [ '/d /s /c', 'node ./bin/www' ]
12 silly lifecycle pbas@0.0.0~start: Returned: code: 1  signal: null
13 info lifecycle pbas@0.0.0~start: Failed to exec start script
14 verbose stack Error: pbas@0.0.0 start: `node ./bin/www`
14 verbose stack Exit status 1
14 verbose stack     at EventEmitter.<anonymous> (C:\Program Files\nodejs\node_modules\npm\lib\utils\lifecycle.js:245:16)
14 verbose stack     at emitTwo (events.js:106:13)
14 verbose stack     at EventEmitter.emit (events.js:191:7)
14 verbose stack     at ChildProcess.<anonymous> (C:\Program Files\nodejs\node_modules\npm\lib\utils\spawn.js:24:14)
14 verbose stack     at emitTwo (events.js:106:13)
14 verbose stack     at ChildProcess.emit (events.js:191:7)
14 verbose stack     at maybeClose (internal/child_process.js:852:16)
14 verbose stack     at Process.ChildProcess._handle.onexit (internal/child_process.js:215:5)
15 verbose pkgid pbas@0.0.0
16 verbose cwd C:\Users\Harshit\Desktop\iips proj\express\pbas\public
17 error Windows_NT 10.0.14393
18 error argv "C:\\Program Files\\nodejs\\node.exe" "C:\\Program Files\\nodejs\\node_modules\\npm\\bin\\npm-cli.js" "start"
19 error node v6.2.1
20 error npm  v3.9.3
21 error code ELIFECYCLE
22 error pbas@0.0.0 start: `node ./bin/www`
22 error Exit status 1
23 error Failed at the pbas@0.0.0 start script 'node ./bin/www'.
23 error Make sure you have the latest version of node.js and npm installed.
23 error If you do, this is most likely a problem with the pbas package,
23 error not with npm itself.
23 error Tell the author that this fails on your system:
23 error     node ./bin/www
23 error You can get information on how to open an issue for this project with:
23 error     npm bugs pbas
23 error Or if that isn't available, you can get their info via:
23 error     npm owner ls pbas
23 error There is likely additional logging output above.
24 verbose exit [ 1, true ]
